<?xml version="1.0" encoding="UTF-8"?>
<!-- Generated by org.testng.reporters.JUnitReportReporter -->
<testsuite skipped="0" hostname="Lenovo" name="com.test.Aliexpress_Test" tests="5" failures="0" timestamp="2019-10-11T16:31:47 ART" time="26.117" errors="0">
  <testcase name="launchPage" time="16.260" classname="com.test.Aliexpress_Test"/>
  <testcase name="lookForItem" time="4.343" classname="com.test.Aliexpress_Test"/>
  <testcase name="goToPageN" time="2.122" classname="com.test.Aliexpress_Test"/>
  <testcase name="lookForElementM" time="2.704" classname="com.test.Aliexpress_Test"/>
  <testcase name="verifyAvailability" time="0.688" classname="com.test.Aliexpress_Test"/>
</testsuite> <!-- com.test.Aliexpress_Test -->
